2025-07-02 10:25:01
NAME           CPU(cores)   CPU(%)   MEMORY(bytes)   MEMORY(%)   
controlplane   1153m        14%      9365Mi          58%         
-----------------------------
2025-07-02 10:25:31
NAME           CPU(cores)   CPU(%)   MEMORY(bytes)   MEMORY(%)   
controlplane   4010m        50%      11584Mi         72%         
-----------------------------
2025-07-02 10:26:02
NAME           CPU(cores)   CPU(%)   MEMORY(bytes)   MEMORY(%)   
controlplane   2819m        35%      8649Mi          54%         
-----------------------------
2025-07-02 10:26:32
NAME           CPU(cores)   CPU(%)   MEMORY(bytes)   MEMORY(%)   
controlplane   5016m        62%      8671Mi          54%         
-----------------------------
2025-07-02 10:27:02
NAME           CPU(cores)   CPU(%)   MEMORY(bytes)   MEMORY(%)   
controlplane   4898m        61%      8678Mi          54%         
-----------------------------
2025-07-02 10:27:32
NAME           CPU(cores)   CPU(%)   MEMORY(bytes)   MEMORY(%)   
controlplane   5027m        62%      8677Mi          54%         
-----------------------------
2025-07-02 10:28:02
NAME           CPU(cores)   CPU(%)   MEMORY(bytes)   MEMORY(%)   
controlplane   4872m        60%      8690Mi          54%         
-----------------------------
2025-07-02 10:28:32
NAME           CPU(cores)   CPU(%)   MEMORY(bytes)   MEMORY(%)   
controlplane   5022m        62%      8667Mi          54%         
-----------------------------
2025-07-02 10:29:02
NAME           CPU(cores)   CPU(%)   MEMORY(bytes)   MEMORY(%)   
controlplane   4921m        61%      8683Mi          54%         
-----------------------------
2025-07-02 10:29:32
NAME           CPU(cores)   CPU(%)   MEMORY(bytes)   MEMORY(%)   
controlplane   4959m        61%      8676Mi          54%         
-----------------------------
2025-07-02 10:30:02
NAME           CPU(cores)   CPU(%)   MEMORY(bytes)   MEMORY(%)   
controlplane   5101m        63%      8697Mi          54%         
-----------------------------
2025-07-02 10:30:32
NAME           CPU(cores)   CPU(%)   MEMORY(bytes)   MEMORY(%)   
controlplane   5020m        62%      8713Mi          54%         
-----------------------------
2025-07-02 10:31:02
NAME           CPU(cores)   CPU(%)   MEMORY(bytes)   MEMORY(%)   
controlplane   3884m        48%      8666Mi          54%         
-----------------------------
2025-07-02 10:31:33
NAME           CPU(cores)   CPU(%)   MEMORY(bytes)   MEMORY(%)   
controlplane   1082m        13%      8645Mi          54%         
-----------------------------
2025-07-02 10:32:03
NAME           CPU(cores)   CPU(%)   MEMORY(bytes)   MEMORY(%)   
controlplane   1052m        13%      8636Mi          54%         
-----------------------------
2025-07-02 10:32:33
NAME           CPU(cores)   CPU(%)   MEMORY(bytes)   MEMORY(%)   
controlplane   1122m        14%      8630Mi          54%         
-----------------------------
2025-07-02 10:33:03
NAME           CPU(cores)   CPU(%)   MEMORY(bytes)   MEMORY(%)   
controlplane   3304m        41%      8666Mi          54%         
-----------------------------
2025-07-02 10:33:33
NAME           CPU(cores)   CPU(%)   MEMORY(bytes)   MEMORY(%)   
controlplane   4948m        61%      8683Mi          54%         
-----------------------------
2025-07-02 10:34:03
NAME           CPU(cores)   CPU(%)   MEMORY(bytes)   MEMORY(%)   
controlplane   5084m        63%      8701Mi          54%         
-----------------------------
2025-07-02 10:34:33
NAME           CPU(cores)   CPU(%)   MEMORY(bytes)   MEMORY(%)   
controlplane   4961m        62%      8703Mi          54%         
-----------------------------
2025-07-02 10:35:03
NAME           CPU(cores)   CPU(%)   MEMORY(bytes)   MEMORY(%)   
controlplane   4925m        61%      8695Mi          54%         
-----------------------------
2025-07-02 10:35:33
NAME           CPU(cores)   CPU(%)   MEMORY(bytes)   MEMORY(%)   
controlplane   5046m        63%      8687Mi          54%         
-----------------------------
2025-07-02 10:36:04
NAME           CPU(cores)   CPU(%)   MEMORY(bytes)   MEMORY(%)   
controlplane   5060m        63%      8714Mi          54%         
-----------------------------
2025-07-02 10:36:34
NAME           CPU(cores)   CPU(%)   MEMORY(bytes)   MEMORY(%)   
controlplane   5096m        63%      8723Mi          54%         
-----------------------------
2025-07-02 10:37:04
NAME           CPU(cores)   CPU(%)   MEMORY(bytes)   MEMORY(%)   
controlplane   4909m        61%      8743Mi          55%         
-----------------------------
2025-07-02 10:37:34
NAME           CPU(cores)   CPU(%)   MEMORY(bytes)   MEMORY(%)   
controlplane   4891m        61%      8705Mi          54%         
-----------------------------
2025-07-02 10:38:04
NAME           CPU(cores)   CPU(%)   MEMORY(bytes)   MEMORY(%)   
controlplane   4558m        56%      8676Mi          54%         
-----------------------------
2025-07-02 10:38:34
NAME           CPU(cores)   CPU(%)   MEMORY(bytes)   MEMORY(%)   
controlplane   1051m        13%      8654Mi          54%         
-----------------------------
2025-07-02 10:39:04
NAME           CPU(cores)   CPU(%)   MEMORY(bytes)   MEMORY(%)   
controlplane   1039m        12%      8667Mi          54%         
-----------------------------
2025-07-02 10:39:34
NAME           CPU(cores)   CPU(%)   MEMORY(bytes)   MEMORY(%)   
controlplane   1065m        13%      8675Mi          54%         
-----------------------------
2025-07-02 10:40:05
NAME           CPU(cores)   CPU(%)   MEMORY(bytes)   MEMORY(%)   
controlplane   4202m        52%      8702Mi          54%         
-----------------------------
2025-07-02 10:40:35
NAME           CPU(cores)   CPU(%)   MEMORY(bytes)   MEMORY(%)   
controlplane   4982m        62%      8710Mi          54%         
-----------------------------
2025-07-02 10:41:05
NAME           CPU(cores)   CPU(%)   MEMORY(bytes)   MEMORY(%)   
controlplane   5019m        62%      8721Mi          54%         
-----------------------------
2025-07-02 10:41:35
NAME           CPU(cores)   CPU(%)   MEMORY(bytes)   MEMORY(%)   
controlplane   5112m        63%      8707Mi          54%         
-----------------------------
2025-07-02 10:42:05
NAME           CPU(cores)   CPU(%)   MEMORY(bytes)   MEMORY(%)   
controlplane   5093m        63%      8727Mi          54%         
-----------------------------
2025-07-02 10:42:35
NAME           CPU(cores)   CPU(%)   MEMORY(bytes)   MEMORY(%)   
controlplane   4940m        61%      8737Mi          55%         
-----------------------------
2025-07-02 10:43:05
NAME           CPU(cores)   CPU(%)   MEMORY(bytes)   MEMORY(%)   
controlplane   4955m        61%      8729Mi          54%         
-----------------------------
2025-07-02 10:43:35
NAME           CPU(cores)   CPU(%)   MEMORY(bytes)   MEMORY(%)   
controlplane   5071m        63%      8741Mi          55%         
-----------------------------
2025-07-02 10:44:05
NAME           CPU(cores)   CPU(%)   MEMORY(bytes)   MEMORY(%)   
controlplane   4977m        62%      8724Mi          54%         
-----------------------------
2025-07-02 10:44:35
NAME           CPU(cores)   CPU(%)   MEMORY(bytes)   MEMORY(%)   
controlplane   5057m        63%      8734Mi          55%         
-----------------------------
2025-07-02 10:45:05
NAME           CPU(cores)   CPU(%)   MEMORY(bytes)   MEMORY(%)   
controlplane   4973m        62%      8721Mi          54%         
-----------------------------
2025-07-02 10:45:36
NAME           CPU(cores)   CPU(%)   MEMORY(bytes)   MEMORY(%)   
controlplane   1024m        12%      8672Mi          54%         
-----------------------------
2025-07-02 10:46:06
NAME           CPU(cores)   CPU(%)   MEMORY(bytes)   MEMORY(%)   
controlplane   1085m        13%      8686Mi          54%         
-----------------------------
2025-07-02 10:46:36
NAME           CPU(cores)   CPU(%)   MEMORY(bytes)   MEMORY(%)   
controlplane   1037m        12%      8687Mi          54%         
-----------------------------
2025-07-02 10:47:06
NAME           CPU(cores)   CPU(%)   MEMORY(bytes)   MEMORY(%)   
controlplane   1051m        13%      8676Mi          54%         
-----------------------------
2025-07-02 10:47:36
NAME           CPU(cores)   CPU(%)   MEMORY(bytes)   MEMORY(%)   
controlplane   991m         12%      8670Mi          54%         
-----------------------------
2025-07-02 10:48:06
NAME           CPU(cores)   CPU(%)   MEMORY(bytes)   MEMORY(%)   
controlplane   1014m        12%      8673Mi          54%         
-----------------------------
2025-07-02 10:48:37
NAME           CPU(cores)   CPU(%)   MEMORY(bytes)   MEMORY(%)   
controlplane   997m         12%      8667Mi          54%         
-----------------------------
2025-07-02 10:49:07
NAME           CPU(cores)   CPU(%)   MEMORY(bytes)   MEMORY(%)   
controlplane   2998m        37%      10827Mi         68%         
-----------------------------
2025-07-03 09:05:02
NAME           CPU(cores)   CPU(%)   MEMORY(bytes)   MEMORY(%)   
controlplane   1063m        13%      8560Mi          53%         
-----------------------------
2025-07-03 09:05:32
NAME           CPU(cores)   CPU(%)   MEMORY(bytes)   MEMORY(%)   
controlplane   1567m        19%      8974Mi          56%         
-----------------------------
2025-07-03 09:06:02
NAME           CPU(cores)   CPU(%)   MEMORY(bytes)   MEMORY(%)   
controlplane   4638m        57%      8239Mi          51%         
-----------------------------
2025-07-03 09:06:32
NAME           CPU(cores)   CPU(%)   MEMORY(bytes)   MEMORY(%)   
controlplane   4971m        62%      8252Mi          51%         
-----------------------------
2025-07-03 09:07:02
NAME           CPU(cores)   CPU(%)   MEMORY(bytes)   MEMORY(%)   
controlplane   4935m        61%      8261Mi          52%         
-----------------------------
2025-07-03 09:07:32
NAME           CPU(cores)   CPU(%)   MEMORY(bytes)   MEMORY(%)   
controlplane   4995m        62%      8289Mi          52%         
-----------------------------
2025-07-03 09:08:02
NAME           CPU(cores)   CPU(%)   MEMORY(bytes)   MEMORY(%)   
controlplane   4963m        62%      8328Mi          52%         
-----------------------------
2025-07-03 09:08:32
NAME           CPU(cores)   CPU(%)   MEMORY(bytes)   MEMORY(%)   
controlplane   4957m        61%      8327Mi          52%         
-----------------------------
2025-07-03 09:09:02
NAME           CPU(cores)   CPU(%)   MEMORY(bytes)   MEMORY(%)   
controlplane   4938m        61%      8337Mi          52%         
-----------------------------
2025-07-03 09:09:33
NAME           CPU(cores)   CPU(%)   MEMORY(bytes)   MEMORY(%)   
controlplane   4926m        61%      8366Mi          52%         
-----------------------------
2025-07-03 09:10:03
NAME           CPU(cores)   CPU(%)   MEMORY(bytes)   MEMORY(%)   
controlplane   4932m        61%      8346Mi          52%         
-----------------------------
2025-07-03 09:10:33
NAME           CPU(cores)   CPU(%)   MEMORY(bytes)   MEMORY(%)   
controlplane   4873m        60%      8357Mi          52%         
-----------------------------
2025-07-03 09:11:03
NAME           CPU(cores)   CPU(%)   MEMORY(bytes)   MEMORY(%)   
controlplane   4761m        59%      8406Mi          52%         
-----------------------------
2025-07-03 09:11:33
NAME           CPU(cores)   CPU(%)   MEMORY(bytes)   MEMORY(%)   
controlplane   979m         12%      8376Mi          52%         
-----------------------------
2025-07-03 09:12:03
NAME           CPU(cores)   CPU(%)   MEMORY(bytes)   MEMORY(%)   
controlplane   1019m        12%      8354Mi          52%         
-----------------------------
2025-07-03 09:12:33
NAME           CPU(cores)   CPU(%)   MEMORY(bytes)   MEMORY(%)   
controlplane   974m         12%      8366Mi          52%         
-----------------------------
2025-07-03 09:13:04
NAME           CPU(cores)   CPU(%)   MEMORY(bytes)   MEMORY(%)   
controlplane   2726m        34%      8397Mi          52%         
-----------------------------
2025-07-03 09:13:34
NAME           CPU(cores)   CPU(%)   MEMORY(bytes)   MEMORY(%)   
controlplane   4917m        61%      8386Mi          52%         
-----------------------------
2025-07-03 09:14:04
NAME           CPU(cores)   CPU(%)   MEMORY(bytes)   MEMORY(%)   
controlplane   5004m        62%      8403Mi          52%         
-----------------------------
2025-07-03 09:14:34
NAME           CPU(cores)   CPU(%)   MEMORY(bytes)   MEMORY(%)   
controlplane   5055m        63%      8402Mi          52%         
-----------------------------
